<?xml version="1.0" encoding="UTF-8"?>
<testsuite xmlns:xsi="http://www.w3.org/2001/XMLSchema-instance" xsi:noNamespaceSchemaLocation="https://maven.apache.org/surefire/maven-surefire-plugin/xsd/surefire-test-report.xsd" name="ToolsQA.AppTest" time="0.019" tests="1" errors="0" skipped="0" failures="0">
  <properties>
    <property name="awt.toolkit" value="sun.awt.X11.XToolkit"/>
    <property name="file.encoding.pkg" value="sun.io"/>
    <property name="java.specification.version" value="1.8"/>
    <property name="sun.cpu.isalist" value=""/>
    <property name="sun.jnu.encoding" value="UTF-8"/>
    <property name="java.class.path" value="/home/opstree/Desktop/ot-CI/jenkins-ci/target/test-classes:/home/opstree/Desktop/ot-CI/jenkins-ci/target/classes:/root/.m2/repository/junit/junit/3.8.1/junit-3.8.1.jar:/root/.m2/repository/org/apache/maven/plugins/maven-pmd-plugin/3.13.0/maven-pmd-plugin-3.13.0.jar:/root/.m2/repository/org/apache/maven/maven-artifact/3.0/maven-artifact-3.0.jar:/root/.m2/repository/org/apache/maven/maven-model/3.0/maven-model-3.0.jar:/root/.m2/repository/org/apache/maven/maven-plugin-api/3.0/maven-plugin-api-3.0.jar:/root/.m2/repository/org/sonatype/sisu/sisu-inject-plexus/1.4.2/sisu-inject-plexus-1.4.2.jar:/root/.m2/repository/org/codehaus/plexus/plexus-classworlds/2.2.3/plexus-classworlds-2.2.3.jar:/root/.m2/repository/org/sonatype/sisu/sisu-inject-bean/1.4.2/sisu-inject-bean-1.4.2.jar:/root/.m2/repository/org/sonatype/sisu/sisu-guice/2.1.7/sisu-guice-2.1.7-noaop.jar:/root/.m2/repository/org/apache/maven/shared/maven-artifact-transfer/0.10.0/maven-artifact-transfer-0.10.0.jar:/root/.m2/repository/org/codehaus/plexus/plexus-component-annotations/1.7.1/plexus-component-annotations-1.7.1.jar:/root/.m2/repository/org/apache/maven/shared/maven-common-artifact-filters/3.0.1/maven-common-artifact-filters-3.0.1.jar:/root/.m2/repository/commons-codec/commons-codec/1.11/commons-codec-1.11.jar:/root/.m2/repository/org/slf4j/slf4j-api/1.7.5/slf4j-api-1.7.5.jar:/root/.m2/repository/net/sourceforge/pmd/pmd-core/6.21.0/pmd-core-6.21.0.jar:/root/.m2/repository/org/antlr/antlr4-runtime/4.7/antlr4-runtime-4.7.jar:/root/.m2/repository/com/beust/jcommander/1.72/jcommander-1.72.jar:/root/.m2/repository/net/java/dev/javacc/javacc/5.0/javacc-5.0.jar:/root/.m2/repository/net/sourceforge/saxon/saxon/9.1.0.8/saxon-9.1.0.8.jar:/root/.m2/repository/org/apache/commons/commons-lang3/3.8.1/commons-lang3-3.8.1.jar:/root/.m2/repository/org/ow2/asm/asm/7.1/asm-7.1.jar:/root/.m2/repository/com/google/code/gson/gson/2.8.5/gson-2.8.5.jar:/root/.m2/repository/net/sourceforge/saxon/saxon/9.1.0.8/saxon-9.1.0.8-dom.jar:/root/.m2/repository/net/sourceforge/pmd/pmd-java/6.21.0/pmd-java-6.21.0.jar:/root/.m2/repository/net/sourceforge/pmd/pmd-javascript/6.21.0/pmd-javascript-6.21.0.jar:/root/.m2/repository/org/mozilla/rhino/1.7.7.2/rhino-1.7.7.2.jar:/root/.m2/repository/net/sourceforge/pmd/pmd-jsp/6.21.0/pmd-jsp-6.21.0.jar:/root/.m2/repository/org/slf4j/jul-to-slf4j/1.7.25/jul-to-slf4j-1.7.25.jar:/root/.m2/repository/org/apache/maven/doxia/doxia-sink-api/1.7/doxia-sink-api-1.7.jar:/root/.m2/repository/org/apache/maven/doxia/doxia-logging-api/1.7/doxia-logging-api-1.7.jar:/root/.m2/repository/org/apache/maven/doxia/doxia-decoration-model/1.7/doxia-decoration-model-1.7.jar:/root/.m2/repository/org/apache/maven/doxia/doxia-site-renderer/1.7/doxia-site-renderer-1.7.jar:/root/.m2/repository/org/apache/maven/doxia/doxia-core/1.7/doxia-core-1.7.jar:/root/.m2/repository/xmlunit/xmlunit/1.5/xmlunit-1.5.jar:/root/.m2/repository/org/apache/maven/doxia/doxia-skin-model/1.7/doxia-skin-model-1.7.jar:/root/.m2/repository/org/apache/maven/doxia/doxia-module-xhtml/1.7/doxia-module-xhtml-1.7.jar:/root/.m2/repository/org/apache/maven/doxia/doxia-module-fml/1.7/doxia-module-fml-1.7.jar:/root/.m2/repository/org/codehaus/plexus/plexus-i18n/1.0-beta-7/plexus-i18n-1.0-beta-7.jar:/root/.m2/repository/org/codehaus/plexus/plexus-container-default/1.0-alpha-30/plexus-container-default-1.0-alpha-30.jar:/root/.m2/repository/org/codehaus/plexus/plexus-velocity/1.1.7/plexus-velocity-1.1.7.jar:/root/.m2/repository/org/apache/velocity/velocity/1.7/velocity-1.7.jar:/root/.m2/repository/org/apache/velocity/velocity-tools/2.0/velocity-tools-2.0.jar:/root/.m2/repository/commons-beanutils/commons-beanutils/1.7.0/commons-beanutils-1.7.0.jar:/root/.m2/repository/commons-digester/commons-digester/1.8/commons-digester-1.8.jar:/root/.m2/repository/commons-chain/commons-chain/1.1/commons-chain-1.1.jar:/root/.m2/repository/commons-validator/commons-validator/1.3.1/commons-validator-1.3.1.jar:/root/.m2/repository/dom4j/dom4j/1.1/dom4j-1.1.jar:/root/.m2/repository/sslext/sslext/1.2-0/sslext-1.2-0.jar:/root/.m2/repository/org/apache/struts/struts-core/1.3.8/struts-core-1.3.8.jar:/root/.m2/repository/antlr/antlr/2.7.2/antlr-2.7.2.jar:/root/.m2/repository/org/apache/struts/struts-taglib/1.3.8/struts-taglib-1.3.8.jar:/root/.m2/repository/org/apache/struts/struts-tiles/1.3.8/struts-tiles-1.3.8.jar:/root/.m2/repository/commons-collections/commons-collections/3.2.1/commons-collections-3.2.1.jar:/root/.m2/repository/org/apache/maven/reporting/maven-reporting-api/3.0/maven-reporting-api-3.0.jar:/root/.m2/repository/org/apache/maven/reporting/maven-reporting-impl/3.0.0/maven-reporting-impl-3.0.0.jar:/root/.m2/repository/org/apache/maven/shared/maven-shared-utils/3.2.0/maven-shared-utils-3.2.0.jar:/root/.m2/repository/org/codehaus/plexus/plexus-resources/1.0.1/plexus-resources-1.0.1.jar:/root/.m2/repository/org/codehaus/plexus/plexus-utils/3.0.24/plexus-utils-3.0.24.jar:/root/.m2/repository/org/apache/httpcomponents/httpclient/4.5.3/httpclient-4.5.3.jar:/root/.m2/repository/org/apache/httpcomponents/httpcore/4.4.6/httpcore-4.4.6.jar:/root/.m2/repository/commons-logging/commons-logging/1.2/commons-logging-1.2.jar:/root/.m2/repository/commons-io/commons-io/2.5/commons-io-2.5.jar:/root/.m2/repository/org/codehaus/mojo/cobertura-maven-plugin/2.7/cobertura-maven-plugin-2.7.jar:/root/.m2/repository/net/sourceforge/cobertura/cobertura/2.1.1/cobertura-2.1.1.jar:/root/.m2/repository/org/ow2/asm/asm-tree/5.0.1/asm-tree-5.0.1.jar:/root/.m2/repository/org/ow2/asm/asm-commons/5.0.1/asm-commons-5.0.1.jar:/root/.m2/repository/org/ow2/asm/asm-util/5.0.1/asm-util-5.0.1.jar:/root/.m2/repository/org/ow2/asm/asm-analysis/5.0.1/asm-analysis-5.0.1.jar:/root/.m2/repository/oro/oro/2.0.8/oro-2.0.8.jar:/root/.m2/repository/org/apache/ant/ant/1.8.3/ant-1.8.3.jar:/root/.m2/repository/org/apache/ant/ant-launcher/1.8.3/ant-launcher-1.8.3.jar:/root/.m2/repository/org/apache/ant/ant-junit/1.8.3/ant-junit-1.8.3.jar:/root/.m2/repository/org/mortbay/jetty/servlet-api-2.5/6.1.14/servlet-api-2.5-6.1.14.jar:/root/.m2/repository/org/mortbay/jetty/jetty/6.1.14/jetty-6.1.14.jar:/root/.m2/repository/org/mortbay/jetty/jetty-util/6.1.14/jetty-util-6.1.14.jar:/usr/lib/jvm/java-8-openjdk-amd64/jre/../lib/tools.jar:/root/.m2/repository/ch/qos/logback/logback-classic/1.0.13/logback-classic-1.0.13.jar:/root/.m2/repository/ch/qos/logback/logback-core/1.0.13/logback-core-1.0.13.jar:/root/.m2/repository/xerces/xercesImpl/2.11.0/xercesImpl-2.11.0.jar:/root/.m2/repository/xml-apis/xml-apis/1.4.01/xml-apis-1.4.01.jar:/root/.m2/repository/jaxen/jaxen/1.1.4/jaxen-1.1.4.jar:/root/.m2/repository/org/jdom/jdom/1.1.3/jdom-1.1.3.jar:/root/.m2/repository/urbanophile/java-getopt/1.0.9/java-getopt-1.0.9.jar:/root/.m2/repository/org/apache/maven/maven-core/2.0.8/maven-core-2.0.8.jar:/root/.m2/repository/org/apache/maven/maven-settings/2.0.8/maven-settings-2.0.8.jar:/root/.m2/repository/org/apache/maven/wagon/wagon-file/1.0-beta-2/wagon-file-1.0-beta-2.jar:/root/.m2/repository/org/apache/maven/maven-plugin-parameter-documenter/2.0.8/maven-plugin-parameter-documenter-2.0.8.jar:/root/.m2/repository/org/apache/maven/wagon/wagon-http-lightweight/1.0-beta-2/wagon-http-lightweight-1.0-beta-2.jar:/root/.m2/repository/org/apache/maven/wagon/wagon-http-shared/1.0-beta-2/wagon-http-shared-1.0-beta-2.jar:/root/.m2/repository/jtidy/jtidy/4aug2000r7-dev/jtidy-4aug2000r7-dev.jar:/root/.m2/repository/org/apache/maven/maven-profile/2.0.8/maven-profile-2.0.8.jar:/root/.m2/repository/org/apache/maven/wagon/wagon-provider-api/1.0-beta-2/wagon-provider-api-1.0-beta-2.jar:/root/.m2/repository/org/apache/maven/maven-repository-metadata/2.0.8/maven-repository-metadata-2.0.8.jar:/root/.m2/repository/org/apache/maven/maven-error-diagnostics/2.0.8/maven-error-diagnostics-2.0.8.jar:/root/.m2/repository/commons-cli/commons-cli/1.0/commons-cli-1.0.jar:/root/.m2/repository/org/apache/maven/wagon/wagon-ssh-external/1.0-beta-2/wagon-ssh-external-1.0-beta-2.jar:/root/.m2/repository/org/apache/maven/wagon/wagon-ssh-common/1.0-beta-2/wagon-ssh-common-1.0-beta-2.jar:/root/.m2/repository/org/apache/maven/maven-plugin-descriptor/2.0.8/maven-plugin-descriptor-2.0.8.jar:/root/.m2/repository/org/codehaus/plexus/plexus-interactivity-api/1.0-alpha-4/plexus-interactivity-api-1.0-alpha-4.jar:/root/.m2/repository/org/apache/maven/maven-artifact-manager/2.0.8/maven-artifact-manager-2.0.8.jar:/root/.m2/repository/org/apache/maven/maven-monitor/2.0.8/maven-monitor-2.0.8.jar:/root/.m2/repository/org/apache/maven/wagon/wagon-ssh/1.0-beta-2/wagon-ssh-1.0-beta-2.jar:/root/.m2/repository/com/jcraft/jsch/0.1.27/jsch-0.1.27.jar:/root/.m2/repository/classworlds/classworlds/1.1/classworlds-1.1.jar:/root/.m2/repository/org/apache/maven/maven-project/2.0.8/maven-project-2.0.8.jar:/root/.m2/repository/org/apache/maven/maven-plugin-registry/2.0.8/maven-plugin-registry-2.0.8.jar:/root/.m2/repository/commons-lang/commons-lang/2.4/commons-lang-2.4.jar:/root/.m2/repository/org/apache/maven/shared/maven-invoker/2.0.11/maven-invoker-2.0.11.jar:"/>
    <property name="java.vm.vendor" value="Private Build"/>
    <property name="sun.arch.data.model" value="64"/>
    <property name="java.vendor.url" value="http://java.oracle.com/"/>
    <property name="user.timezone" value=""/>
    <property name="java.vm.specification.version" value="1.8"/>
    <property name="os.name" value="Linux"/>
    <property name="user.country" value="IN"/>
    <property name="sun.java.launcher" value="SUN_STANDARD"/>
    <property name="sun.boot.library.path" value="/usr/lib/jvm/java-8-openjdk-amd64/jre/lib/amd64"/>
    <property name="sun.java.command" value="/home/opstree/Desktop/ot-CI/jenkins-ci/target/surefire/surefirebooter820911624343582634.jar /home/opstree/Desktop/ot-CI/jenkins-ci/target/surefire 2020-04-18T15-46-35_776-jvmRun1 surefire4956469414303247963tmp surefire_02506110147396790426tmp"/>
    <property name="surefire.test.class.path" value="/home/opstree/Desktop/ot-CI/jenkins-ci/target/test-classes:/home/opstree/Desktop/ot-CI/jenkins-ci/target/classes:/root/.m2/repository/junit/junit/3.8.1/junit-3.8.1.jar:/root/.m2/repository/org/apache/maven/plugins/maven-pmd-plugin/3.13.0/maven-pmd-plugin-3.13.0.jar:/root/.m2/repository/org/apache/maven/maven-artifact/3.0/maven-artifact-3.0.jar:/root/.m2/repository/org/apache/maven/maven-model/3.0/maven-model-3.0.jar:/root/.m2/repository/org/apache/maven/maven-plugin-api/3.0/maven-plugin-api-3.0.jar:/root/.m2/repository/org/sonatype/sisu/sisu-inject-plexus/1.4.2/sisu-inject-plexus-1.4.2.jar:/root/.m2/repository/org/codehaus/plexus/plexus-classworlds/2.2.3/plexus-classworlds-2.2.3.jar:/root/.m2/repository/org/sonatype/sisu/sisu-inject-bean/1.4.2/sisu-inject-bean-1.4.2.jar:/root/.m2/repository/org/sonatype/sisu/sisu-guice/2.1.7/sisu-guice-2.1.7-noaop.jar:/root/.m2/repository/org/apache/maven/shared/maven-artifact-transfer/0.10.0/maven-artifact-transfer-0.10.0.jar:/root/.m2/repository/org/codehaus/plexus/plexus-component-annotations/1.7.1/plexus-component-annotations-1.7.1.jar:/root/.m2/repository/org/apache/maven/shared/maven-common-artifact-filters/3.0.1/maven-common-artifact-filters-3.0.1.jar:/root/.m2/repository/commons-codec/commons-codec/1.11/commons-codec-1.11.jar:/root/.m2/repository/org/slf4j/slf4j-api/1.7.5/slf4j-api-1.7.5.jar:/root/.m2/repository/net/sourceforge/pmd/pmd-core/6.21.0/pmd-core-6.21.0.jar:/root/.m2/repository/org/antlr/antlr4-runtime/4.7/antlr4-runtime-4.7.jar:/root/.m2/repository/com/beust/jcommander/1.72/jcommander-1.72.jar:/root/.m2/repository/net/java/dev/javacc/javacc/5.0/javacc-5.0.jar:/root/.m2/repository/net/sourceforge/saxon/saxon/9.1.0.8/saxon-9.1.0.8.jar:/root/.m2/repository/org/apache/commons/commons-lang3/3.8.1/commons-lang3-3.8.1.jar:/root/.m2/repository/org/ow2/asm/asm/7.1/asm-7.1.jar:/root/.m2/repository/com/google/code/gson/gson/2.8.5/gson-2.8.5.jar:/root/.m2/repository/net/sourceforge/saxon/saxon/9.1.0.8/saxon-9.1.0.8-dom.jar:/root/.m2/repository/net/sourceforge/pmd/pmd-java/6.21.0/pmd-java-6.21.0.jar:/root/.m2/repository/net/sourceforge/pmd/pmd-javascript/6.21.0/pmd-javascript-6.21.0.jar:/root/.m2/repository/org/mozilla/rhino/1.7.7.2/rhino-1.7.7.2.jar:/root/.m2/repository/net/sourceforge/pmd/pmd-jsp/6.21.0/pmd-jsp-6.21.0.jar:/root/.m2/repository/org/slf4j/jul-to-slf4j/1.7.25/jul-to-slf4j-1.7.25.jar:/root/.m2/repository/org/apache/maven/doxia/doxia-sink-api/1.7/doxia-sink-api-1.7.jar:/root/.m2/repository/org/apache/maven/doxia/doxia-logging-api/1.7/doxia-logging-api-1.7.jar:/root/.m2/repository/org/apache/maven/doxia/doxia-decoration-model/1.7/doxia-decoration-model-1.7.jar:/root/.m2/repository/org/apache/maven/doxia/doxia-site-renderer/1.7/doxia-site-renderer-1.7.jar:/root/.m2/repository/org/apache/maven/doxia/doxia-core/1.7/doxia-core-1.7.jar:/root/.m2/repository/xmlunit/xmlunit/1.5/xmlunit-1.5.jar:/root/.m2/repository/org/apache/maven/doxia/doxia-skin-model/1.7/doxia-skin-model-1.7.jar:/root/.m2/repository/org/apache/maven/doxia/doxia-module-xhtml/1.7/doxia-module-xhtml-1.7.jar:/root/.m2/repository/org/apache/maven/doxia/doxia-module-fml/1.7/doxia-module-fml-1.7.jar:/root/.m2/repository/org/codehaus/plexus/plexus-i18n/1.0-beta-7/plexus-i18n-1.0-beta-7.jar:/root/.m2/repository/org/codehaus/plexus/plexus-container-default/1.0-alpha-30/plexus-container-default-1.0-alpha-30.jar:/root/.m2/repository/org/codehaus/plexus/plexus-velocity/1.1.7/plexus-velocity-1.1.7.jar:/root/.m2/repository/org/apache/velocity/velocity/1.7/velocity-1.7.jar:/root/.m2/repository/org/apache/velocity/velocity-tools/2.0/velocity-tools-2.0.jar:/root/.m2/repository/commons-beanutils/commons-beanutils/1.7.0/commons-beanutils-1.7.0.jar:/root/.m2/repository/commons-digester/commons-digester/1.8/commons-digester-1.8.jar:/root/.m2/repository/commons-chain/commons-chain/1.1/commons-chain-1.1.jar:/root/.m2/repository/commons-validator/commons-validator/1.3.1/commons-validator-1.3.1.jar:/root/.m2/repository/dom4j/dom4j/1.1/dom4j-1.1.jar:/root/.m2/repository/sslext/sslext/1.2-0/sslext-1.2-0.jar:/root/.m2/repository/org/apache/struts/struts-core/1.3.8/struts-core-1.3.8.jar:/root/.m2/repository/antlr/antlr/2.7.2/antlr-2.7.2.jar:/root/.m2/repository/org/apache/struts/struts-taglib/1.3.8/struts-taglib-1.3.8.jar:/root/.m2/repository/org/apache/struts/struts-tiles/1.3.8/struts-tiles-1.3.8.jar:/root/.m2/repository/commons-collections/commons-collections/3.2.1/commons-collections-3.2.1.jar:/root/.m2/repository/org/apache/maven/reporting/maven-reporting-api/3.0/maven-reporting-api-3.0.jar:/root/.m2/repository/org/apache/maven/reporting/maven-reporting-impl/3.0.0/maven-reporting-impl-3.0.0.jar:/root/.m2/repository/org/apache/maven/shared/maven-shared-utils/3.2.0/maven-shared-utils-3.2.0.jar:/root/.m2/repository/org/codehaus/plexus/plexus-resources/1.0.1/plexus-resources-1.0.1.jar:/root/.m2/repository/org/codehaus/plexus/plexus-utils/3.0.24/plexus-utils-3.0.24.jar:/root/.m2/repository/org/apache/httpcomponents/httpclient/4.5.3/httpclient-4.5.3.jar:/root/.m2/repository/org/apache/httpcomponents/httpcore/4.4.6/httpcore-4.4.6.jar:/root/.m2/repository/commons-logging/commons-logging/1.2/commons-logging-1.2.jar:/root/.m2/repository/commons-io/commons-io/2.5/commons-io-2.5.jar:/root/.m2/repository/org/codehaus/mojo/cobertura-maven-plugin/2.7/cobertura-maven-plugin-2.7.jar:/root/.m2/repository/net/sourceforge/cobertura/cobertura/2.1.1/cobertura-2.1.1.jar:/root/.m2/repository/org/ow2/asm/asm-tree/5.0.1/asm-tree-5.0.1.jar:/root/.m2/repository/org/ow2/asm/asm-commons/5.0.1/asm-commons-5.0.1.jar:/root/.m2/repository/org/ow2/asm/asm-util/5.0.1/asm-util-5.0.1.jar:/root/.m2/repository/org/ow2/asm/asm-analysis/5.0.1/asm-analysis-5.0.1.jar:/root/.m2/repository/oro/oro/2.0.8/oro-2.0.8.jar:/root/.m2/repository/org/apache/ant/ant/1.8.3/ant-1.8.3.jar:/root/.m2/repository/org/apache/ant/ant-launcher/1.8.3/ant-launcher-1.8.3.jar:/root/.m2/repository/org/apache/ant/ant-junit/1.8.3/ant-junit-1.8.3.jar:/root/.m2/repository/org/mortbay/jetty/servlet-api-2.5/6.1.14/servlet-api-2.5-6.1.14.jar:/root/.m2/repository/org/mortbay/jetty/jetty/6.1.14/jetty-6.1.14.jar:/root/.m2/repository/org/mortbay/jetty/jetty-util/6.1.14/jetty-util-6.1.14.jar:/usr/lib/jvm/java-8-openjdk-amd64/jre/../lib/tools.jar:/root/.m2/repository/ch/qos/logback/logback-classic/1.0.13/logback-classic-1.0.13.jar:/root/.m2/repository/ch/qos/logback/logback-core/1.0.13/logback-core-1.0.13.jar:/root/.m2/repository/xerces/xercesImpl/2.11.0/xercesImpl-2.11.0.jar:/root/.m2/repository/xml-apis/xml-apis/1.4.01/xml-apis-1.4.01.jar:/root/.m2/repository/jaxen/jaxen/1.1.4/jaxen-1.1.4.jar:/root/.m2/repository/org/jdom/jdom/1.1.3/jdom-1.1.3.jar:/root/.m2/repository/urbanophile/java-getopt/1.0.9/java-getopt-1.0.9.jar:/root/.m2/repository/org/apache/maven/maven-core/2.0.8/maven-core-2.0.8.jar:/root/.m2/repository/org/apache/maven/maven-settings/2.0.8/maven-settings-2.0.8.jar:/root/.m2/repository/org/apache/maven/wagon/wagon-file/1.0-beta-2/wagon-file-1.0-beta-2.jar:/root/.m2/repository/org/apache/maven/maven-plugin-parameter-documenter/2.0.8/maven-plugin-parameter-documenter-2.0.8.jar:/root/.m2/repository/org/apache/maven/wagon/wagon-http-lightweight/1.0-beta-2/wagon-http-lightweight-1.0-beta-2.jar:/root/.m2/repository/org/apache/maven/wagon/wagon-http-shared/1.0-beta-2/wagon-http-shared-1.0-beta-2.jar:/root/.m2/repository/jtidy/jtidy/4aug2000r7-dev/jtidy-4aug2000r7-dev.jar:/root/.m2/repository/org/apache/maven/maven-profile/2.0.8/maven-profile-2.0.8.jar:/root/.m2/repository/org/apache/maven/wagon/wagon-provider-api/1.0-beta-2/wagon-provider-api-1.0-beta-2.jar:/root/.m2/repository/org/apache/maven/maven-repository-metadata/2.0.8/maven-repository-metadata-2.0.8.jar:/root/.m2/repository/org/apache/maven/maven-error-diagnostics/2.0.8/maven-error-diagnostics-2.0.8.jar:/root/.m2/repository/commons-cli/commons-cli/1.0/commons-cli-1.0.jar:/root/.m2/repository/org/apache/maven/wagon/wagon-ssh-external/1.0-beta-2/wagon-ssh-external-1.0-beta-2.jar:/root/.m2/repository/org/apache/maven/wagon/wagon-ssh-common/1.0-beta-2/wagon-ssh-common-1.0-beta-2.jar:/root/.m2/repository/org/apache/maven/maven-plugin-descriptor/2.0.8/maven-plugin-descriptor-2.0.8.jar:/root/.m2/repository/org/codehaus/plexus/plexus-interactivity-api/1.0-alpha-4/plexus-interactivity-api-1.0-alpha-4.jar:/root/.m2/repository/org/apache/maven/maven-artifact-manager/2.0.8/maven-artifact-manager-2.0.8.jar:/root/.m2/repository/org/apache/maven/maven-monitor/2.0.8/maven-monitor-2.0.8.jar:/root/.m2/repository/org/apache/maven/wagon/wagon-ssh/1.0-beta-2/wagon-ssh-1.0-beta-2.jar:/root/.m2/repository/com/jcraft/jsch/0.1.27/jsch-0.1.27.jar:/root/.m2/repository/classworlds/classworlds/1.1/classworlds-1.1.jar:/root/.m2/repository/org/apache/maven/maven-project/2.0.8/maven-project-2.0.8.jar:/root/.m2/repository/org/apache/maven/maven-plugin-registry/2.0.8/maven-plugin-registry-2.0.8.jar:/root/.m2/repository/commons-lang/commons-lang/2.4/commons-lang-2.4.jar:/root/.m2/repository/org/apache/maven/shared/maven-invoker/2.0.11/maven-invoker-2.0.11.jar:"/>
    <property name="sun.cpu.endian" value="little"/>
    <property name="user.home" value="/root"/>
    <property name="user.language" value="en"/>
    <property name="java.specification.vendor" value="Oracle Corporation"/>
    <property name="java.home" value="/usr/lib/jvm/java-8-openjdk-amd64/jre"/>
    <property name="basedir" value="/home/opstree/Desktop/ot-CI/jenkins-ci"/>
    <property name="file.separator" value="/"/>
    <property name="line.separator" value="&#10;"/>
    <property name="java.vm.specification.vendor" value="Oracle Corporation"/>
    <property name="java.specification.name" value="Java Platform API Specification"/>
    <property name="java.awt.graphicsenv" value="sun.awt.X11GraphicsEnvironment"/>
    <property name="surefire.real.class.path" value="/home/opstree/Desktop/ot-CI/jenkins-ci/target/surefire/surefirebooter820911624343582634.jar"/>
    <property name="sun.boot.class.path" value="/usr/lib/jvm/java-8-openjdk-amd64/jre/lib/resources.jar:/usr/lib/jvm/java-8-openjdk-amd64/jre/lib/rt.jar:/usr/lib/jvm/java-8-openjdk-amd64/jre/lib/sunrsasign.jar:/usr/lib/jvm/java-8-openjdk-amd64/jre/lib/jsse.jar:/usr/lib/jvm/java-8-openjdk-amd64/jre/lib/jce.jar:/usr/lib/jvm/java-8-openjdk-amd64/jre/lib/charsets.jar:/usr/lib/jvm/java-8-openjdk-amd64/jre/lib/jfr.jar:/usr/lib/jvm/java-8-openjdk-amd64/jre/classes"/>
    <property name="sun.management.compiler" value="HotSpot 64-Bit Tiered Compilers"/>
    <property name="java.runtime.version" value="1.8.0_242-8u242-b08-0ubuntu3~18.04-b08"/>
    <property name="user.name" value="root"/>
    <property name="path.separator" value=":"/>
    <property name="os.version" value="5.3.0-26-generic"/>
    <property name="java.endorsed.dirs" value="/usr/lib/jvm/java-8-openjdk-amd64/jre/lib/endorsed"/>
    <property name="java.runtime.name" value="OpenJDK Runtime Environment"/>
    <property name="file.encoding" value="UTF-8"/>
    <property name="java.vm.name" value="OpenJDK 64-Bit Server VM"/>
    <property name="localRepository" value="/root/.m2/repository"/>
    <property name="java.vendor.url.bug" value="http://bugreport.sun.com/bugreport/"/>
    <property name="java.io.tmpdir" value="/tmp"/>
    <property name="java.version" value="1.8.0_242"/>
    <property name="user.dir" value="/home/opstree/Desktop/ot-CI/jenkins-ci"/>
    <property name="os.arch" value="amd64"/>
    <property name="java.vm.specification.name" value="Java Virtual Machine Specification"/>
    <property name="java.awt.printerjob" value="sun.print.PSPrinterJob"/>
    <property name="sun.os.patch.level" value="unknown"/>
    <property name="java.library.path" value="/usr/java/packages/lib/amd64:/usr/lib/x86_64-linux-gnu/jni:/lib/x86_64-linux-gnu:/usr/lib/x86_64-linux-gnu:/usr/lib/jni:/lib:/usr/lib"/>
    <property name="java.vm.info" value="mixed mode"/>
    <property name="java.vendor" value="Private Build"/>
    <property name="java.vm.version" value="25.242-b08"/>
    <property name="java.ext.dirs" value="/usr/lib/jvm/java-8-openjdk-amd64/jre/lib/ext:/usr/java/packages/lib/ext"/>
    <property name="sun.io.unicode.encoding" value="UnicodeLittle"/>
    <property name="java.class.version" value="52.0"/>
  </properties>
  <testcase name="testApp" classname="ToolsQA.AppTest" time="0"/>
</testsuite>